[13/02/2021 à 04:07:48] - [INFO] - Je suis prêt !
[13/02/2021 à 04:08:47] - [INFO] - Je suis prêt !
[13/02/2021 à 04:09:45] - [INFO] - Je suis prêt !
[13/02/2021 à 04:10:23] - [INFO] - Je suis prêt !
[13/02/2021 à 04:10:37] - [INFO] - Un nouveau membre est là
[13/02/2021 à 04:10:37] - [WARN] - Attention !!
[13/02/2021 à 04:10:37] - [ERROR] - Une erreur est survenue :(
[13/02/2021 à 13:32:13] - [INFO] - Je suis prêt !
[13/02/2021 à 13:32:28] - [INFO] - Je suis prêt !
[13/02/2021 à 13:37:09] - [INFO] - Je suis prêt !
[13/02/2021 à 13:44:15] - [ERROR] - Cannot read property 'guilds' of undefined
[13/02/2021 à 13:46:58] - [INFO] - Je suis prêt !
[13/02/2021 à 13:52:53] - [INFO] - Je suis prêt !
[13/02/2021 à 13:55:47] - [ERROR] - Unexpected token ')'
[13/02/2021 à 13:56:33] - [ERROR] - Unexpected token ')'
[13/02/2021 à 14:02:14] - [INFO] - Je suis prêt !
[13/02/2021 à 14:02:55] - [INFO] - Je suis prêt !
[13/02/2021 à 14:03:42] - [ERROR] - Unexpected token ')'
[13/02/2021 à 14:04:14] - [INFO] - Je suis prêt !
[13/02/2021 à 14:13:20] - [ERROR] - a is not defined
[13/02/2021 à 14:13:22] - [INFO] - Je suis prêt !
[13/02/2021 à 14:14:02] - [ERROR] - a is not defined
[13/02/2021 à 14:14:04] - [INFO] - Je suis prêt !
[13/02/2021 à 14:14:41] - [ERROR] - a is not defined
[13/02/2021 à 14:14:43] - [INFO] - Je suis prêt !
[13/02/2021 à 14:15:52] - [ERROR] - a is not defined
[13/02/2021 à 14:15:54] - [INFO] - Je suis prêt !
[13/02/2021 à 14:17:03] - [INFO] - Je suis prêt !
[13/02/2021 à 14:17:03] - [INFO] - Bot identifié en tant que SolgaleoBot#1441! (809954675016990772)
[13/02/2021 à 14:18:04] - [INFO] - Bot identifié en tant que SolgaleoBot#1441! (809954675016990772)
[13/02/2021 à 14:25:36] - [INFO] - Bot identifié en tant que SolgaleoBot#1441! (809954675016990772)
[13/02/2021 à 14:30:50] - [ERROR] - Group "bot" is not registered.
[13/02/2021 à 14:31:22] - [INFO] - Bot identifié en tant que SolgaleoBot#1441! (809954675016990772)
[13/02/2021 à 14:41:50] - [INFO] - Bot identifié en tant que SolgaleoBot#1441! (809954675016990772)
[13/02/2021 à 14:43:24] - [INFO] - Bot identifié en tant que SolgaleoBot#1441! (809954675016990772)
[13/02/2021 à 14:44:07] - [INFO] - Bot identifié en tant que SolgaleoBot#1441! (809954675016990772)
[13/02/2021 à 15:08:58] - [INFO] - Bot identifié en tant que SolgaleoBot#1441! (809954675016990772)
[13/02/2021 à 15:16:50] - [INFO] - Bot identifié en tant que SolgaleoBot#1441! (809954675016990772)
[13/02/2021 à 16:12:02] - [INFO] - Bot identifié en tant que SolgaleoBot#1441! (809954675016990772)
[13/02/2021 à 16:13:31] - [INFO] - Bot identifié en tant que SolgaleoBot#1441! (809954675016990772)
[13/02/2021 à 19:16:54] - [INFO] - Bot identifié en tant que SolgaleoBot#1441! (809954675016990772)
[13/02/2021 à 21:09:15] - [INFO] - Bot identifié en tant que SolgaleoBot#1441! (809954675016990772)
[13/02/2021 à 21:15:19] - [INFO] - Bot identifié en tant que SolgaleoBot#1441! (809954675016990772)
[13/02/2021 à 21:19:03] - [INFO] - Bot identifié en tant que SolgaleoBot#1441! (809954675016990772)
[13/02/2021 à 21:40:01] - [INFO] - Bot identifié en tant que SolgaleoBot#1441! (809954675016990772)
[13/02/2021 à 21:42:26] - [INFO] - Bot identifié en tant que SolgaleoBot#1441! (809954675016990772)
[13/02/2021 à 22:36:24] - [INFO] - Bot identifié en tant que SolgaleoBot#1441! (809954675016990772)
[13/02/2021 à 22:38:45] - [INFO] - Bot identifié en tant que SolgaleoBot#1441! (809954675016990772)
[13/02/2021 à 22:41:05] - [INFO] - Bot identifié en tant que SolgaleoBot#1441! (809954675016990772)
[13/02/2021 à 22:41:52] - [INFO] - Bot identifié en tant que SolgaleoBot#1441! (809954675016990772)
[13/02/2021 à 22:49:09] - [INFO] - Bot identifié en tant que SolgaleoBot#1441! (809954675016990772)
[13/02/2021 à 22:50:46] - [INFO] - Bot identifié en tant que SolgaleoBot#1441! (809954675016990772)
[13/02/2021 à 22:52:01] - [INFO] - Bot identifié en tant que SolgaleoBot#1441! (809954675016990772)
[13/02/2021 à 22:53:36] - [INFO] - Bot identifié en tant que SolgaleoBot#1441! (809954675016990772)
[13/02/2021 à 23:27:48] - [INFO] - Bot identifié en tant que SolgaleoBot#1441! (809954675016990772)
[13/02/2021 à 23:32:37] - [INFO] - Bot identifié en tant que SolgaleoBot#1441! (809954675016990772)
[14/02/2021 à 00:01:30] - [INFO] - Bot identifié en tant que SolgaleoBot#1441! (809954675016990772)
[14/02/2021 à 00:04:08] - [INFO] - Bot identifié en tant que SolgaleoBot#1441! (809954675016990772)
[14/02/2021 à 00:05:25] - [INFO] - Bot identifié en tant que SolgaleoBot#1441! (809954675016990772)
[14/02/2021 à 00:06:14] - [INFO] - Bot identifié en tant que SolgaleoBot#1441! (809954675016990772)
[14/02/2021 à 00:07:27] - [INFO] - Bot identifié en tant que SolgaleoBot#1441! (809954675016990772)
[14/02/2021 à 00:08:10] - [INFO] - Bot identifié en tant que SolgaleoBot#1441! (809954675016990772)
[14/02/2021 à 00:08:38] - [INFO] - Bot identifié en tant que SolgaleoBot#1441! (809954675016990772)
[14/02/2021 à 00:21:20] - [INFO] - Bot identifié en tant que SolgaleoBot#1441! (809954675016990772)
[14/02/2021 à 00:22:19] - [INFO] - Bot identifié en tant que SolgaleoBot#1441! (809954675016990772)
[14/02/2021 à 00:45:51] - [INFO] - Bot identifié en tant que SolgaleoBot#1441! (809954675016990772)
[14/02/2021 à 01:16:35] - [INFO] - Bot identifié en tant que SolgaleoBot#1441! (809954675016990772)
[14/02/2021 à 02:31:10] - [INFO] - Bot identifié en tant que SolgaleoBot#1441! (809954675016990772)
